10:33:00 PM: DEBUG [logging_archivos.py:15] ('Empezando...',)
10:33:00 PM: DEBUG [logging_archivos.py:15] ('Se abre el archivo',)
10:33:00 PM: DEBUG [logging_archivos.py:15] ('lineas que contiene el archivo ', 'Colegio1|Nombre1|Apellidos1|1111A|Matemáticas;Lengua\n')
10:33:00 PM: DEBUG [logging_archivos.py:15] ('Abrimos los archivos donde se van a añadir las lineas',)
10:33:00 PM: DEBUG [logging_archivos.py:15] ('Escribimos las lineas ', 'Colegio1|Nombre1|Apellidos1|1111A|Matemáticas;Lengua\n', ' en cada fichero que corresponda ', <_io.TextIOWrapper name='./Archivo/Colegio1.txt' mode='a' encoding='UTF-8'>)
10:33:00 PM: DEBUG [logging_archivos.py:15] ('lineas que contiene el archivo ', 'Colegio1|Nombre2|Apellidos2|2222B|Matemáticas;Física\n')
10:33:00 PM: DEBUG [logging_archivos.py:15] ('Abrimos los archivos donde se van a añadir las lineas',)
10:33:00 PM: DEBUG [logging_archivos.py:15] ('Escribimos las lineas ', 'Colegio1|Nombre2|Apellidos2|2222B|Matemáticas;Física\n', ' en cada fichero que corresponda ', <_io.TextIOWrapper name='./Archivo/Colegio1.txt' mode='a' encoding='UTF-8'>)
10:33:00 PM: DEBUG [logging_archivos.py:15] ('lineas que contiene el archivo ', 'Colegio3|Nombre3|Apellidos3|3333C|Historia;Lengua\n')
10:33:00 PM: DEBUG [logging_archivos.py:15] ('lineas que contiene el archivo ', 'Colegio1|Nombre4|Apellidos4|4444D|Matemáticas;Física;Química\n')
10:33:00 PM: DEBUG [logging_archivos.py:15] ('Abrimos los archivos donde se van a añadir las lineas',)
10:33:00 PM: DEBUG [logging_archivos.py:15] ('Escribimos las lineas ', 'Colegio1|Nombre4|Apellidos4|4444D|Matemáticas;Física;Química\n', ' en cada fichero que corresponda ', <_io.TextIOWrapper name='./Archivo/Colegio1.txt' mode='a' encoding='UTF-8'>)
10:33:00 PM: DEBUG [logging_archivos.py:15] ('lineas que contiene el archivo ', 'Colegio2|Nombre5|Apellidos5|5555E|Matemáticas;Lengua\n')
10:33:00 PM: DEBUG [logging_archivos.py:15] ('lineas que contiene el archivo ', 'Colegio2|Nombre6|Apellidos6|6666F|Inglés\n')
10:33:00 PM: DEBUG [logging_archivos.py:15] ('lineas que contiene el archivo ', 'Colegio3|Nombre7|Apellidos7|7777G|Gimnasia\n')
10:33:00 PM: DEBUG [logging_archivos.py:15] ('lineas que contiene el archivo ', 'Colegio2|Nombre8|Apellidos8|8888H|Matemáticas;Lengua\n')
10:33:00 PM: DEBUG [logging_archivos.py:15] ('lineas que contiene el archivo ', 'Colegio1|Nombre9|Apellidos9|9999I|Geografía\n')
10:33:00 PM: DEBUG [logging_archivos.py:15] ('Abrimos los archivos donde se van a añadir las lineas',)
10:33:00 PM: DEBUG [logging_archivos.py:15] ('Escribimos las lineas ', 'Colegio1|Nombre9|Apellidos9|9999I|Geografía\n', ' en cada fichero que corresponda ', <_io.TextIOWrapper name='./Archivo/Colegio1.txt' mode='a' encoding='UTF-8'>)
10:33:00 PM: DEBUG [logging_archivos.py:15] ('lineas que contiene el archivo ', 'Colegio3|Nombre10|Apellidos10|1010J|Geografís;Historia\n')
10:33:00 PM: DEBUG [logging_archivos.py:15] ('lineas que contiene el archivo ', 'Colegio1|Nombre11|Apellidos11|1111K|Matemáticas;Química')
10:33:00 PM: DEBUG [logging_archivos.py:15] ('Abrimos los archivos donde se van a añadir las lineas',)
10:33:00 PM: DEBUG [logging_archivos.py:15] ('Escribimos las lineas ', 'Colegio1|Nombre11|Apellidos11|1111K|Matemáticas;Química', ' en cada fichero que corresponda ', <_io.TextIOWrapper name='./Archivo/Colegio1.txt' mode='a' encoding='UTF-8'>)
10:33:00 PM: DEBUG [logging_archivos.py:15] ('cerramos los archivos ',)
10:33:00 PM: DEBUG [logging_archivos.py:15] ('Se abre el archivo',)
10:33:00 PM: DEBUG [logging_archivos.py:15] ('lineas que contiene el archivo ', 'Colegio1|Nombre1|Apellidos1|1111A|Matemáticas;Lengua\n')
10:33:00 PM: DEBUG [logging_archivos.py:15] ('lineas que contiene el archivo ', 'Colegio1|Nombre2|Apellidos2|2222B|Matemáticas;Física\n')
10:33:00 PM: DEBUG [logging_archivos.py:15] ('lineas que contiene el archivo ', 'Colegio3|Nombre3|Apellidos3|3333C|Historia;Lengua\n')
10:33:00 PM: DEBUG [logging_archivos.py:15] ('lineas que contiene el archivo ', 'Colegio1|Nombre4|Apellidos4|4444D|Matemáticas;Física;Química\n')
10:33:00 PM: DEBUG [logging_archivos.py:15] ('lineas que contiene el archivo ', 'Colegio2|Nombre5|Apellidos5|5555E|Matemáticas;Lengua\n')
10:33:00 PM: DEBUG [logging_archivos.py:15] ('Abrimos los archivos donde se van a añadir las lineas',)
10:33:00 PM: DEBUG [logging_archivos.py:15] ('Escribimos las lineas ', 'Colegio2|Nombre5|Apellidos5|5555E|Matemáticas;Lengua\n', ' en cada fichero que corresponda ', <_io.TextIOWrapper name='./Archivo/Colegio2.txt' mode='a' encoding='UTF-8'>)
10:33:00 PM: DEBUG [logging_archivos.py:15] ('lineas que contiene el archivo ', 'Colegio2|Nombre6|Apellidos6|6666F|Inglés\n')
10:33:00 PM: DEBUG [logging_archivos.py:15] ('Abrimos los archivos donde se van a añadir las lineas',)
10:33:00 PM: DEBUG [logging_archivos.py:15] ('Escribimos las lineas ', 'Colegio2|Nombre6|Apellidos6|6666F|Inglés\n', ' en cada fichero que corresponda ', <_io.TextIOWrapper name='./Archivo/Colegio2.txt' mode='a' encoding='UTF-8'>)
10:33:00 PM: DEBUG [logging_archivos.py:15] ('lineas que contiene el archivo ', 'Colegio3|Nombre7|Apellidos7|7777G|Gimnasia\n')
10:33:00 PM: DEBUG [logging_archivos.py:15] ('lineas que contiene el archivo ', 'Colegio2|Nombre8|Apellidos8|8888H|Matemáticas;Lengua\n')
10:33:00 PM: DEBUG [logging_archivos.py:15] ('Abrimos los archivos donde se van a añadir las lineas',)
10:33:00 PM: DEBUG [logging_archivos.py:15] ('Escribimos las lineas ', 'Colegio2|Nombre8|Apellidos8|8888H|Matemáticas;Lengua\n', ' en cada fichero que corresponda ', <_io.TextIOWrapper name='./Archivo/Colegio2.txt' mode='a' encoding='UTF-8'>)
10:33:00 PM: DEBUG [logging_archivos.py:15] ('lineas que contiene el archivo ', 'Colegio1|Nombre9|Apellidos9|9999I|Geografía\n')
10:33:00 PM: DEBUG [logging_archivos.py:15] ('lineas que contiene el archivo ', 'Colegio3|Nombre10|Apellidos10|1010J|Geografís;Historia\n')
10:33:00 PM: DEBUG [logging_archivos.py:15] ('lineas que contiene el archivo ', 'Colegio1|Nombre11|Apellidos11|1111K|Matemáticas;Química')
10:33:00 PM: DEBUG [logging_archivos.py:15] ('cerramos los archivos ',)
10:33:00 PM: DEBUG [logging_archivos.py:15] ('Se abre el archivo',)
10:33:00 PM: DEBUG [logging_archivos.py:15] ('lineas que contiene el archivo ', 'Colegio1|Nombre1|Apellidos1|1111A|Matemáticas;Lengua\n')
10:33:00 PM: DEBUG [logging_archivos.py:15] ('lineas que contiene el archivo ', 'Colegio1|Nombre2|Apellidos2|2222B|Matemáticas;Física\n')
10:33:00 PM: DEBUG [logging_archivos.py:15] ('lineas que contiene el archivo ', 'Colegio3|Nombre3|Apellidos3|3333C|Historia;Lengua\n')
10:33:00 PM: DEBUG [logging_archivos.py:15] ('Abrimos los archivos donde se van a añadir las lineas',)
10:33:00 PM: DEBUG [logging_archivos.py:15] ('Escribimos las lineas ', 'Colegio3|Nombre3|Apellidos3|3333C|Historia;Lengua\n', ' en cada fichero que corresponda ', <_io.TextIOWrapper name='./Archivo/Colegio3.txt' mode='a' encoding='UTF-8'>)
10:33:00 PM: DEBUG [logging_archivos.py:15] ('lineas que contiene el archivo ', 'Colegio1|Nombre4|Apellidos4|4444D|Matemáticas;Física;Química\n')
10:33:00 PM: DEBUG [logging_archivos.py:15] ('lineas que contiene el archivo ', 'Colegio2|Nombre5|Apellidos5|5555E|Matemáticas;Lengua\n')
10:33:00 PM: DEBUG [logging_archivos.py:15] ('lineas que contiene el archivo ', 'Colegio2|Nombre6|Apellidos6|6666F|Inglés\n')
10:33:00 PM: DEBUG [logging_archivos.py:15] ('lineas que contiene el archivo ', 'Colegio3|Nombre7|Apellidos7|7777G|Gimnasia\n')
10:33:00 PM: DEBUG [logging_archivos.py:15] ('Abrimos los archivos donde se van a añadir las lineas',)
10:33:00 PM: DEBUG [logging_archivos.py:15] ('Escribimos las lineas ', 'Colegio3|Nombre7|Apellidos7|7777G|Gimnasia\n', ' en cada fichero que corresponda ', <_io.TextIOWrapper name='./Archivo/Colegio3.txt' mode='a' encoding='UTF-8'>)
10:33:00 PM: DEBUG [logging_archivos.py:15] ('lineas que contiene el archivo ', 'Colegio2|Nombre8|Apellidos8|8888H|Matemáticas;Lengua\n')
10:33:00 PM: DEBUG [logging_archivos.py:15] ('lineas que contiene el archivo ', 'Colegio1|Nombre9|Apellidos9|9999I|Geografía\n')
10:33:00 PM: DEBUG [logging_archivos.py:15] ('lineas que contiene el archivo ', 'Colegio3|Nombre10|Apellidos10|1010J|Geografís;Historia\n')
10:33:00 PM: DEBUG [logging_archivos.py:15] ('Abrimos los archivos donde se van a añadir las lineas',)
10:33:00 PM: DEBUG [logging_archivos.py:15] ('Escribimos las lineas ', 'Colegio3|Nombre10|Apellidos10|1010J|Geografís;Historia\n', ' en cada fichero que corresponda ', <_io.TextIOWrapper name='./Archivo/Colegio3.txt' mode='a' encoding='UTF-8'>)
10:33:00 PM: DEBUG [logging_archivos.py:15] ('lineas que contiene el archivo ', 'Colegio1|Nombre11|Apellidos11|1111K|Matemáticas;Química')
10:33:00 PM: DEBUG [logging_archivos.py:15] ('cerramos los archivos ',)
